This is XeTeX, Version 3.141592653-2.6-0.999998 (TeX Live 2026/Arch Linux) (preloaded format=xelatex 2026.4.7)  1 MAY 2026 15:23
entering extended mode
 restricted \write18 enabled.
 %&-line parsing enabled.
**12pt.tex
(./12pt.tex
LaTeX2e <2025-11-01>
L3 programming layer <2026-01-19>
(/usr/share/texmf-dist/tex/latex/base/book.cls
Document Class: book 2025/01/22 v1.4n Standard LaTeX document class
(/usr/share/texmf-dist/tex/latex/base/bk12.clo
File: bk12.clo 2025/01/22 v1.4n Standard LaTeX file (size option)
)
\c@part=\count271
\c@chapter=\count272
\c@section=\count273
\c@subsection=\count274
\c@subsubsection=\count275
\c@paragraph=\count276
\c@subparagraph=\count277
\c@figure=\count278
\c@table=\count279
\abovecaptionskip=\skip49
\belowcaptionskip=\skip50
\bibindent=\dimen148
)
(/usr/share/texmf-dist/tex/latex/tools/multicol.sty
Package: multicol 2025/10/21 v2.0b multicolumn formatting (FMi)
\c@tracingmulticols=\count280
\mult@box=\box53
\multicol@leftmargin=\dimen149
\c@unbalance=\count281
\c@collectmore=\count282
\doublecol@number=\count283
\multicoltolerance=\count284
\multicolpretolerance=\count285
\full@width=\dimen150
\page@free=\dimen151
\premulticols=\dimen152
\postmulticols=\dimen153
\multicolsep=\skip51
\multicolbaselineskip=\skip52
\partial@page=\box54
\last@line=\box55
\mc@boxedresult=\box56
\maxbalancingoverflow=\dimen154
\mult@rightbox=\box57
\mult@grightbox=\box58
\mult@firstbox=\box59
\mult@gfirstbox=\box60
\@tempa=\box61
\@tempa=\box62
\@tempa=\box63
\@tempa=\box64
\@tempa=\box65
\@tempa=\box66
\@tempa=\box67
\@tempa=\box68
\@tempa=\box69
\@tempa=\box70
\@tempa=\box71
\@tempa=\box72
\@tempa=\box73
\@tempa=\box74
\@tempa=\box75
\@tempa=\box76
\@tempa=\box77
\@tempa=\box78
\@tempa=\box79
\@tempa=\box80
\@tempa=\box81
\@tempa=\box82
\@tempa=\box83
\@tempa=\box84
\@tempa=\box85
\@tempa=\box86
\@tempa=\box87
\@tempa=\box88
\@tempa=\box89
\@tempa=\box90
\@tempa=\box91
\@tempa=\box92
\@tempa=\box93
\@tempa=\box94
\@tempa=\box95
\@tempa=\box96
\c@minrows=\count286
\c@columnbadness=\count287
\c@finalcolumnbadness=\count288
\last@try=\dimen155
\multicolovershoot=\dimen156
\multicolundershoot=\dimen157
\mult@nat@firstbox=\box97
\colbreak@box=\box98
\mc@col@check@num=\count289
\g__mc_curr_col_int=\count290
)
(/usr/share/texmf-dist/tex/latex/graphics/graphics.sty
Package: graphics 2024/08/06 v1.4g Standard LaTeX Graphics (DPC,SPQR)

(/usr/share/texmf-dist/tex/latex/graphics/trig.sty
Package: trig 2023/12/02 v1.11 sin cos tan (DPC)
)
(/usr/share/texmf-dist/tex/latex/graphics-cfg/graphics.cfg
File: graphics.cfg 2016/06/04 v1.11 sample graphics configuration
)
Package graphics Info: Driver file: xetex.def on input line 106.

(/usr/share/texmf-dist/tex/latex/graphics-def/xetex.def
File: xetex.def 2025/11/01 v5.0p Graphics/color driver for xetex
))
(/usr/share/texmf-dist/tex/generic/babel/babel.sty
Package: babel 2026/02/14 v26.3 The multilingual framework for LuaLaTeX, pdfLaT
eX and XeLaTeX
\babel@savecnt=\count291
LaTeX Encoding Info:    Redeclaring text command \ij (encoding OT1) on input li
ne 2078.
LaTeX Encoding Info:    Redeclaring text command \IJ (encoding OT1) on input li
ne 2080.
LaTeX Encoding Info:    Redeclaring text command \ij (encoding T1) on input lin
e 2082.
LaTeX Encoding Info:    Redeclaring text command \IJ (encoding T1) on input lin
e 2083.
LaTeX Encoding Info:    Ignoring declaration for text command \ij (encoding ?) 
on input line 2084.
LaTeX Encoding Info:    Ignoring declaration for text command \IJ (encoding ?) 
on input line 2086.
LaTeX Encoding Info:    Ignoring declaration for text command \SS (encoding ?) 
on input line 2111.
\U@D=\dimen158
\l@unhyphenated=\language4

(/usr/share/texmf-dist/tex/generic/babel/xebabel.def)
\bbl@readstream=\read2
\bbl@dirlevel=\count292

(/usr/share/texmf-dist/tex/generic/babel/locale/pt/babel-brazilian.tex)
Package babel Info: Importing font and identification data for brazilian
(babel)             from babel-pt-BR.ini. Reported on input line 4330.

(/usr/share/texmf-dist/tex/generic/babel-portuges/brazilian.ldf
Language: portuges 2026/01/24 v1.2u Portuguese support from the babel system
Package babel Info: Hyphen rules for 'brazilian' set to \l@portuguese
(babel)             (\language3). Reported on input line 100.
Package babel Info: Making " an active character on input line 132.
))
(/usr/share/texmf-dist/tex/latex/microtype/microtype.sty
Package: microtype 2026/03/01 v3.2d Micro-typographical refinements (RS)

(/usr/share/texmf-dist/tex/latex/graphics/keyval.sty
Package: keyval 2022/05/29 v1.15 key=value parser (DPC)
\KV@toks@=\toks17
)
(/usr/share/texmf-dist/tex/latex/etoolbox/etoolbox.sty
Package: etoolbox 2025/10/02 v2.5m e-TeX tools for LaTeX (JAW)
\etb@tempcnta=\count293
)
\MT@toks=\toks18
\MT@tempbox=\box99
\MT@count=\count294
LaTeX Info: Redefining \noprotrusionifhmode on input line 1084.
LaTeX Info: Redefining \leftprotrusion on input line 1085.
\MT@prot@toks=\toks19
LaTeX Info: Redefining \rightprotrusion on input line 1104.
LaTeX Info: Redefining \textls on input line 1449.
\MT@outer@kern=\dimen159
LaTeX Info: Redefining \microtypecontext on input line 2053.
LaTeX Info: Redefining \textmicrotypecontext on input line 2070.
\MT@listname@count=\count295

(/usr/share/texmf-dist/tex/latex/microtype/microtype-xetex.def
File: microtype-xetex.def 2026/03/01 v3.2d Definitions specific to xetex (RS)
LaTeX Info: Redefining \lsstyle on input line 443.
LaTeX Info: Redefining \lslig on input line 451.
\MT@outer@space=\skip53
)
Package microtype Info: Loading configuration file microtype.cfg.

(/usr/share/texmf-dist/tex/latex/microtype/microtype.cfg
File: microtype.cfg 2026/03/01 v3.2d microtype main configuration file (RS)
)
LaTeX Info: Redefining \microtypesetup on input line 3065.
)
(/usr/share/texmf-dist/tex/latex/tools/calc.sty
Package: calc 2025/03/01 v4.3b Infix arithmetic (KKT,FJ)
\calc@Acount=\count296
\calc@Bcount=\count297
\calc@Adimen=\dimen160
\calc@Bdimen=\dimen161
\calc@Askip=\skip54
\calc@Bskip=\skip55
LaTeX Info: Redefining \setlength on input line 86.
LaTeX Info: Redefining \addtolength on input line 87.
\calc@Ccount=\count298
\calc@Cskip=\skip56
)
(/usr/share/texmf-dist/tex/latex/parselines/parselines.sty
Package: parselines 2011/02/19 v1.4 - a simple line parser for TeX
\parselin@tk=\toks20
\parselin@read=\read3
)
(/usr/share/texmf-dist/tex/latex/fancyhdr/fancyhdr.sty
Package: fancyhdr 2025/02/07 v5.2 Extensive control of page headers and footers

\f@nch@headwidth=\skip57
\f@nch@offset@elh=\skip58
\f@nch@offset@erh=\skip59
\f@nch@offset@olh=\skip60
\f@nch@offset@orh=\skip61
\f@nch@offset@elf=\skip62
\f@nch@offset@erf=\skip63
\f@nch@offset@olf=\skip64
\f@nch@offset@orf=\skip65
\f@nch@height=\skip66
\f@nch@footalignment=\skip67
\f@nch@widthL=\skip68
\f@nch@widthC=\skip69
\f@nch@widthR=\skip70
\@temptokenb=\toks21
)
(/usr/share/texmf-dist/tex/latex/hyperref/hyperref.sty
Package: hyperref 2026-01-29 v7.01p Hypertext links for LaTeX

(/usr/share/texmf-dist/tex/generic/iftex/iftex.sty
Package: iftex 2024/12/12 v1.0g TeX engine tests
)
(/usr/share/texmf-dist/tex/latex/kvsetkeys/kvsetkeys.sty
Package: kvsetkeys 2022-10-05 v1.19 Key value parser (HO)
)
(/usr/share/texmf-dist/tex/generic/kvdefinekeys/kvdefinekeys.sty
Package: kvdefinekeys 2019-12-19 v1.6 Define keys (HO)
)
(/usr/share/texmf-dist/tex/generic/pdfescape/pdfescape.sty
Package: pdfescape 2019/12/09 v1.15 Implements pdfTeX's escape features (HO)

(/usr/share/texmf-dist/tex/generic/ltxcmds/ltxcmds.sty
Package: ltxcmds 2023-12-04 v1.26 LaTeX kernel commands for general use (HO)
)
(/usr/share/texmf-dist/tex/generic/pdftexcmds/pdftexcmds.sty
Package: pdftexcmds 2020-06-27 v0.33 Utility functions of pdfTeX for LuaTeX (HO
)

(/usr/share/texmf-dist/tex/generic/infwarerr/infwarerr.sty
Package: infwarerr 2019/12/03 v1.5 Providing info/warning/error messages (HO)
)
Package pdftexcmds Info: \pdf@primitive is available.
Package pdftexcmds Info: \pdf@ifprimitive is available.
Package pdftexcmds Info: \pdfdraftmode not found.
))
(/usr/share/texmf-dist/tex/latex/hycolor/hycolor.sty
Package: hycolor 2020-01-27 v1.10 Color options for hyperref/bookmark (HO)
)
(/usr/share/texmf-dist/tex/latex/hyperref/nameref.sty
Package: nameref 2026-01-29 v2.58 Cross-referencing by name of section

(/usr/share/texmf-dist/tex/latex/refcount/refcount.sty
Package: refcount 2019/12/15 v3.6 Data extraction from label references (HO)
)
(/usr/share/texmf-dist/tex/generic/gettitlestring/gettitlestring.sty
Package: gettitlestring 2019/12/15 v1.6 Cleanup title references (HO)

(/usr/share/texmf-dist/tex/latex/kvoptions/kvoptions.sty
Package: kvoptions 2022-06-15 v3.15 Key value format for package options (HO)
))
\c@section@level=\count299
)
(/usr/share/texmf-dist/tex/generic/stringenc/stringenc.sty
Package: stringenc 2019/11/29 v1.12 Convert strings between diff. encodings (HO
)
)
\@linkdim=\dimen162
\Hy@linkcounter=\count300
\Hy@pagecounter=\count301

(/usr/share/texmf-dist/tex/latex/hyperref/pd1enc.def
File: pd1enc.def 2026-01-29 v7.01p Hyperref: PDFDocEncoding definition (HO)
)
(/usr/share/texmf-dist/tex/generic/intcalc/intcalc.sty
Package: intcalc 2019/12/15 v1.3 Expandable calculations with integers (HO)
)
\Hy@SavedSpaceFactor=\count302

(/usr/share/texmf-dist/tex/latex/hyperref/puenc.def
File: puenc.def 2026-01-29 v7.01p Hyperref: PDF Unicode definition (HO)
)
Package hyperref Info: Option `colorlinks' set `true' on input line 4072.
Package hyperref Info: Hyper figures OFF on input line 4201.
Package hyperref Info: Link nesting OFF on input line 4206.
Package hyperref Info: Hyper index ON on input line 4209.
Package hyperref Info: Plain pages OFF on input line 4216.
Package hyperref Info: Backreferencing OFF on input line 4221.
Package hyperref Info: Implicit mode ON; LaTeX internals redefined.
Package hyperref Info: Bookmarks ON on input line 4468.
\c@Hy@tempcnt=\count303

(/usr/share/texmf-dist/tex/latex/url/url.sty
\Urlmuskip=\muskip17
Package: url 2013/09/16  ver 3.4  Verb mode for urls, etc.
)
LaTeX Info: Redefining \url on input line 4807.
\XeTeXLinkMargin=\dimen163

(/usr/share/texmf-dist/tex/generic/bitset/bitset.sty
Package: bitset 2019/12/09 v1.3 Handle bit-vector datatype (HO)

(/usr/share/texmf-dist/tex/generic/bigintcalc/bigintcalc.sty
Package: bigintcalc 2019/12/15 v1.5 Expandable calculations on big integers (HO
)
))
\Fld@menulength=\count304
\Field@Width=\dimen164
\Fld@charsize=\dimen165
Package hyperref Info: Hyper figures OFF on input line 6084.
Package hyperref Info: Link nesting OFF on input line 6089.
Package hyperref Info: Hyper index ON on input line 6092.
Package hyperref Info: backreferencing OFF on input line 6099.
Package hyperref Info: Link coloring ON on input line 6102.
Package hyperref Info: Link coloring with OCG OFF on input line 6109.
Package hyperref Info: PDF/A mode OFF on input line 6114.
\Hy@abspage=\count305
\c@Item=\count306
\c@Hfootnote=\count307
)
Package hyperref Info: Driver (autodetected): hxetex.

(/usr/share/texmf-dist/tex/latex/hyperref/hxetex.def
File: hxetex.def 2026-01-29 v7.01p Hyperref driver for XeTeX
\pdfm@box=\box100
\c@Hy@AnnotLevel=\count308
\HyField@AnnotCount=\count309
\Fld@listcount=\count310
\c@bookmark@seq@number=\count311

(/usr/share/texmf-dist/tex/latex/rerunfilecheck/rerunfilecheck.sty
Package: rerunfilecheck 2025-06-21 v1.11 Rerun checks for auxiliary files (HO)

(/usr/share/texmf-dist/tex/generic/uniquecounter/uniquecounter.sty
Package: uniquecounter 2019/12/15 v1.4 Provide unlimited unique counter (HO)
)
Package uniquecounter Info: New unique counter `rerunfilecheck' on input line 2
84.
)
\Hy@SectionHShift=\skip71
)
(/usr/share/texmf-dist/tex/latex/geometry/geometry.sty
Package: geometry 2020/01/02 v5.9 Page Geometry

(/usr/share/texmf-dist/tex/generic/iftex/ifvtex.sty
Package: ifvtex 2019/10/25 v1.7 ifvtex legacy package. Use iftex instead.
)
\Gm@cnth=\count312
\Gm@cntv=\count313
\c@Gm@tempcnt=\count314
\Gm@bindingoffset=\dimen166
\Gm@wd@mp=\dimen167
\Gm@odd@mp=\dimen168
\Gm@even@mp=\dimen169
\Gm@layoutwidth=\dimen170
\Gm@layoutheight=\dimen171
\Gm@layouthoffset=\dimen172
\Gm@layoutvoffset=\dimen173
\Gm@dimlist=\toks22
) (./footkmpj.sty
Package: footkmpj 2011/06/06 v5.5b a miscellany of footnote facilities
\FN@temptoken=\toks23
\footnotemargin=\dimen174
\c@pp@next@reset=\count315
Package footkmpj Info: Declaring symbol style bringhurst on input line 853.
Package footkmpj Info: Declaring symbol style chicago on input line 861.
Package footkmpj Info: Declaring symbol style wiley on input line 870.
Package footkmpj Info: Declaring symbol style lamport-robust on input line 881.

Package footkmpj Info: Declaring symbol style lamport* on input line 901.
Package footkmpj Info: Declaring symbol style lamport*-robust on input line 922
.
)
(/usr/share/texmf-dist/tex/latex/tocloft/tocloft.sty
Package: tocloft 2017/08/31 v2.3i parameterised ToC, etc., typesetting
Package tocloft Info: The document has chapter divisions on input line 51.
\cftparskip=\skip72
\cftbeforetoctitleskip=\skip73
\cftaftertoctitleskip=\skip74
\cftbeforepartskip=\skip75
\cftpartnumwidth=\skip76
\cftpartindent=\skip77
\cftbeforechapskip=\skip78
\cftchapindent=\skip79
\cftchapnumwidth=\skip80
\cftbeforesecskip=\skip81
\cftsecindent=\skip82
\cftsecnumwidth=\skip83
\cftbeforesubsecskip=\skip84
\cftsubsecindent=\skip85
\cftsubsecnumwidth=\skip86
\cftbeforesubsubsecskip=\skip87
\cftsubsubsecindent=\skip88
\cftsubsubsecnumwidth=\skip89
\cftbeforeparaskip=\skip90
\cftparaindent=\skip91
\cftparanumwidth=\skip92
\cftbeforesubparaskip=\skip93
\cftsubparaindent=\skip94
\cftsubparanumwidth=\skip95
\cftbeforeloftitleskip=\skip96
\cftafterloftitleskip=\skip97
\cftbeforefigskip=\skip98
\cftfigindent=\skip99
\cftfignumwidth=\skip100
\c@lofdepth=\count316
\c@lotdepth=\count317
\cftbeforelottitleskip=\skip101
\cftafterlottitleskip=\skip102
\cftbeforetabskip=\skip103
\cfttabindent=\skip104
\cfttabnumwidth=\skip105
)
(/usr/share/texmf-dist/tex/xelatex/ucharclasses/ucharclasses.sty
Package: ucharclasses 2022/10/20 v2.6.0 Unicode block character classes for XeL
aTeX

(/usr/share/texmf-dist/tex/generic/iftex/ifxetex.sty
Package: ifxetex 2019/10/25 v0.7 ifxetex legacy package. Use iftex instead.
)
\AegeanNumbersClass=\XeTeXcharclass4
\AlphabeticPresentationFormsClass=\XeTeXcharclass5
\AncientGreekMusicalNotationClass=\XeTeXcharclass6
\AncientGreekNumbersClass=\XeTeXcharclass7
\AncientSymbolsClass=\XeTeXcharclass8
\ArabicClass=\XeTeXcharclass9
\ArabicPresentationFormsAClass=\XeTeXcharclass10
\ArabicPresentationFormsBClass=\XeTeXcharclass11
\ArabicSupplementClass=\XeTeXcharclass12
\ArmenianClass=\XeTeXcharclass13
\ArrowsClass=\XeTeXcharclass14
\BalineseClass=\XeTeXcharclass15
\BasicLatinClass=\XeTeXcharclass16
\BengaliClass=\XeTeXcharclass17
\BlockElementsClass=\XeTeXcharclass18
\BopomofoClass=\XeTeXcharclass19
\BopomofoExtendedClass=\XeTeXcharclass20
\BoxDrawingClass=\XeTeXcharclass21
\BraillePatternsClass=\XeTeXcharclass22
\BugineseClass=\XeTeXcharclass23
\BuhidClass=\XeTeXcharclass24
\ByzantineMusicalSymbolsClass=\XeTeXcharclass25
\ChamClass=\XeTeXcharclass26
\CherokeeClass=\XeTeXcharclass27
\CJKCompatibilityClass=\XeTeXcharclass28
\CJKCompatibilityFormsClass=\XeTeXcharclass29
\CJKCompatibilityIdeographsClass=\XeTeXcharclass30
\CJKCompatibilityIdeographsSupplementClass=\XeTeXcharclass31
\CJKRadicalsSupplementClass=\XeTeXcharclass32
\CJKStrokesClass=\XeTeXcharclass33
\CJKSymbolsAndPunctuationClass=\XeTeXcharclass34
\CJKUnifiedIdeographsClass=\XeTeXcharclass35
\CJKUnifiedIdeographsExtensionAClass=\XeTeXcharclass36
\CJKUnifiedIdeographsExtensionBClass=\XeTeXcharclass37
\CombiningDiacriticalMarksClass=\XeTeXcharclass38
\CombiningDiacriticalMarksForSymbolsClass=\XeTeXcharclass39
\CombiningDiacriticalMarksSupplementClass=\XeTeXcharclass40
\CombiningHalfMarksClass=\XeTeXcharclass41
\ControlPicturesClass=\XeTeXcharclass42
\CopticClass=\XeTeXcharclass43
\CountingRodNumeralsClass=\XeTeXcharclass44
\CuneiformClass=\XeTeXcharclass45
\CuneiformNumbersAndPunctuationClass=\XeTeXcharclass46
\CurrencySymbolsClass=\XeTeXcharclass47
\CypriotSyllabaryClass=\XeTeXcharclass48
\CyrillicClass=\XeTeXcharclass49
\CyrillicExtendedAClass=\XeTeXcharclass50
\CyrillicExtendedBClass=\XeTeXcharclass51
\CyrillicSupplementClass=\XeTeXcharclass52
\DeseretClass=\XeTeXcharclass53
\DevanagariDanDaClass=\XeTeXcharclass54
\DevanagariMarksClass=\XeTeXcharclass55
\DevanagariPostDanDaClass=\XeTeXcharclass56
\DevanagariPostMarksClass=\XeTeXcharclass57
\DevanagariPreMarksClass=\XeTeXcharclass58
\DingbatsClass=\XeTeXcharclass59
\DominoTilesClass=\XeTeXcharclass60
\EnclosedAlphanumericsClass=\XeTeXcharclass61
\EnclosedCJKLettersAndMonthsClass=\XeTeXcharclass62
\EthiopicClass=\XeTeXcharclass63
\EthiopicExtendedClass=\XeTeXcharclass64
\EthiopicSupplementClass=\XeTeXcharclass65
\GeneralPunctuationClass=\XeTeXcharclass66
\GeometricShapesClass=\XeTeXcharclass67
\GeorgianClass=\XeTeXcharclass68
\GeorgianSupplementClass=\XeTeXcharclass69
\GlagoliticClass=\XeTeXcharclass70
\GreekAndCopticClass=\XeTeXcharclass71
\GreekExtendedClass=\XeTeXcharclass72
\GujaratiClass=\XeTeXcharclass73
\GurmukhiClass=\XeTeXcharclass74
\HalfwidthAndFullwidthFormsClass=\XeTeXcharclass75
\HangulCompatibilityJamoClass=\XeTeXcharclass76
\HangulJamoClass=\XeTeXcharclass77
\HangulSyllablesClass=\XeTeXcharclass78
\HanunooClass=\XeTeXcharclass79
\HebrewClass=\XeTeXcharclass80
\HiraganaClass=\XeTeXcharclass81
\IdeographicDescriptionCharactersClass=\XeTeXcharclass82
\IPAExtensionsClass=\XeTeXcharclass83
\KanbunClass=\XeTeXcharclass84
\KangxiRadicalsClass=\XeTeXcharclass85
\KannadaClass=\XeTeXcharclass86
\KatakanaClass=\XeTeXcharclass87
\KatakanaPhoneticExtensionsClass=\XeTeXcharclass88
\KayahLiClass=\XeTeXcharclass89
\KhmerClass=\XeTeXcharclass90
\KhmerSymbolsClass=\XeTeXcharclass91
\LaoClass=\XeTeXcharclass92
\LatinExtendedAdditionalClass=\XeTeXcharclass93
\LatinExtendedAClass=\XeTeXcharclass94
\LatinExtendedBClass=\XeTeXcharclass95
\LatinExtendedCClass=\XeTeXcharclass96
\LatinExtendedDClass=\XeTeXcharclass97
\LatinSupplementClass=\XeTeXcharclass98
\LepchaClass=\XeTeXcharclass99
\LetterlikeSymbolsClass=\XeTeXcharclass100
\LimbuClass=\XeTeXcharclass101
\LinearBIdeogramsClass=\XeTeXcharclass102
\LinearBSyllabaryClass=\XeTeXcharclass103
\MahjongTilesClass=\XeTeXcharclass104
\MalayalamClass=\XeTeXcharclass105
\MathematicalAlphanumericSymbolsClass=\XeTeXcharclass106
\MathematicalOperatorsClass=\XeTeXcharclass107
\MiscellaneousMathematicalSymbolsAClass=\XeTeXcharclass108
\MiscellaneousMathematicalSymbolsBClass=\XeTeXcharclass109
\MiscellaneousSymbolsClass=\XeTeXcharclass110
\MiscellaneousSymbolsAndArrowsClass=\XeTeXcharclass111
\MiscellaneousTechnicalClass=\XeTeXcharclass112
\ModifierToneLettersClass=\XeTeXcharclass113
\MongolianClass=\XeTeXcharclass114
\MusicalSymbolsClass=\XeTeXcharclass115
\MyanmarClass=\XeTeXcharclass116
\NewTaiLueClass=\XeTeXcharclass117
\NKoClass=\XeTeXcharclass118
\NumberFormsClass=\XeTeXcharclass119
\OghamClass=\XeTeXcharclass120
\OlChikiClass=\XeTeXcharclass121
\OldPersianClass=\XeTeXcharclass122
\OpticalCharacterRecognitionClass=\XeTeXcharclass123
\OriyaClass=\XeTeXcharclass124
\OsmanyaClass=\XeTeXcharclass125
\PhagsPaClass=\XeTeXcharclass126
\PhoenicianClass=\XeTeXcharclass127
\PhoneticExtensionsClass=\XeTeXcharclass128
\PhoneticExtensionsSupplementClass=\XeTeXcharclass129
\PrivateUseAreaClass=\XeTeXcharclass130
\RejangClass=\XeTeXcharclass131
\RunicClass=\XeTeXcharclass132
\SaurashtraClass=\XeTeXcharclass133
\ShavianClass=\XeTeXcharclass134
\SinhalaClass=\XeTeXcharclass135
\SmallFormVariantsClass=\XeTeXcharclass136
\SpacingModifierLettersClass=\XeTeXcharclass137
\SundaneseClass=\XeTeXcharclass138
\SuperscriptsAndSubscriptsClass=\XeTeXcharclass139
\SupplementalArrowsAClass=\XeTeXcharclass140
\SupplementalArrowsBClass=\XeTeXcharclass141
\SupplementalMathematicalOperatorsClass=\XeTeXcharclass142
\SupplementalPunctuationClass=\XeTeXcharclass143
\SylotiNagriClass=\XeTeXcharclass144
\SyriacClass=\XeTeXcharclass145
\TagalogClass=\XeTeXcharclass146
\TagbanwaClass=\XeTeXcharclass147
\TagsClass=\XeTeXcharclass148
\TaiLeClass=\XeTeXcharclass149
\TaiXuanJingSymbolsClass=\XeTeXcharclass150
\TamilClass=\XeTeXcharclass151
\TeluguClass=\XeTeXcharclass152
\ThaanaClass=\XeTeXcharclass153
\ThaiClass=\XeTeXcharclass154
\TibetanClass=\XeTeXcharclass155
\TifinaghClass=\XeTeXcharclass156
\UgariticClass=\XeTeXcharclass157
\UnifiedCanadianAboriginalSyllabicsClass=\XeTeXcharclass158
\VaiClass=\XeTeXcharclass159
\VerticalFormsClass=\XeTeXcharclass160
\YiRadicalsClass=\XeTeXcharclass161
\YiSyllablesClass=\XeTeXcharclass162
\YijingHexagramSymbolsClass=\XeTeXcharclass163
\AvestanClass=\XeTeXcharclass164
\BamumClass=\XeTeXcharclass165
\CJKUnifiedIdeographsExtensionCClass=\XeTeXcharclass166
\CommonIndicNumberFormsClass=\XeTeXcharclass167
\DevanagariExtendedClass=\XeTeXcharclass168
\EgyptianHieroglyphsClass=\XeTeXcharclass169
\EnclosedAlphanumericSupplementClass=\XeTeXcharclass170
\EnclosedIdeographicSupplementClass=\XeTeXcharclass171
\HangulJamoExtendedAClass=\XeTeXcharclass172
\HangulJamoExtendedBClass=\XeTeXcharclass173
\ImperialAramaicClass=\XeTeXcharclass174
\InscriptionalPahlaviClass=\XeTeXcharclass175
\InscriptionalParthianClass=\XeTeXcharclass176
\JavaneseClass=\XeTeXcharclass177
\KaithiClass=\XeTeXcharclass178
\LisuClass=\XeTeXcharclass179
\MeeteiMayekClass=\XeTeXcharclass180
\MyanmarExtendedAClass=\XeTeXcharclass181
\RumiNumeralSymbolsClass=\XeTeXcharclass182
\SamaritanClass=\XeTeXcharclass183
\TaiThamClass=\XeTeXcharclass184
\TaiVietClass=\XeTeXcharclass185
\UnifiedCanadianAboriginalSyllabicsExtendedClass=\XeTeXcharclass186
\VedicExtensionsClass=\XeTeXcharclass187
\AlchemicalSymbolsClass=\XeTeXcharclass188
\BamumSupplementClass=\XeTeXcharclass189
\BatakClass=\XeTeXcharclass190
\BrahmiClass=\XeTeXcharclass191
\CJKUnifiedIdeographsExtensionDClass=\XeTeXcharclass192
\EmoticonsClass=\XeTeXcharclass193
\EthiopicExtendedAClass=\XeTeXcharclass194
\KanaSupplementClass=\XeTeXcharclass195
\MandaicClass=\XeTeXcharclass196
\MiscellaneousSymbolsAndPictographsClass=\XeTeXcharclass197
\PlayingCardsClass=\XeTeXcharclass198
\TransportAndMapSymbolsClass=\XeTeXcharclass199
\ArabicExtendedAClass=\XeTeXcharclass200
\ArabicMathematicalAlphabeticSymbolsClass=\XeTeXcharclass201
\ChakmaClass=\XeTeXcharclass202
\MeeteiMayekExtensionsClass=\XeTeXcharclass203
\MeroiticCursiveClass=\XeTeXcharclass204
\MeroiticHieroglyphsClass=\XeTeXcharclass205
\MiaoClass=\XeTeXcharclass206
\SharadaClass=\XeTeXcharclass207
\SoraSompengClass=\XeTeXcharclass208
\SundaneseSupplementClass=\XeTeXcharclass209
\TakriClass=\XeTeXcharclass210
\BassaVahClass=\XeTeXcharclass211
\CaucasianAlbanianClass=\XeTeXcharclass212
\CombiningDiacriticalMarksExtendedClass=\XeTeXcharclass213
\CopticEpactNumbersClass=\XeTeXcharclass214
\ElbasanClass=\XeTeXcharclass215
\GeometricShapesExtendedClass=\XeTeXcharclass216
\GranthaClass=\XeTeXcharclass217
\KhojkiClass=\XeTeXcharclass218
\KhudawadiClass=\XeTeXcharclass219
\LatinExtendedEClass=\XeTeXcharclass220
\LinearAClass=\XeTeXcharclass221
\MahajaniClass=\XeTeXcharclass222
\MendeKikakuiClass=\XeTeXcharclass223
\ModiClass=\XeTeXcharclass224
\MroClass=\XeTeXcharclass225
\MyanmarExtendedBClass=\XeTeXcharclass226
\OrnamentalDingbatsClass=\XeTeXcharclass227
\PahawhHmongClass=\XeTeXcharclass228
\PauCinHauClass=\XeTeXcharclass229
\SiddhamClass=\XeTeXcharclass230
\SinhalaArchaicNumbersClass=\XeTeXcharclass231
\SupplementalArrowsCClass=\XeTeXcharclass232
\TirhutaClass=\XeTeXcharclass233
\WarangCitiClass=\XeTeXcharclass234
\CherokeeSupplementClass=\XeTeXcharclass235
\CJKUnifiedIdeographsExtensionEClass=\XeTeXcharclass236
\SupplementalSymbolsAndPictographsClass=\XeTeXcharclass237
\CyrillicExtendedCClass=\XeTeXcharclass238
\GlagoliticSupplementClass=\XeTeXcharclass239
\IdeographicSymbolsAndPunctuationClass=\XeTeXcharclass240
\MongolianSupplementClass=\XeTeXcharclass241
\CJKUnifiedIdeographsExtensionFClass=\XeTeXcharclass242
\KanaExtendedAClass=\XeTeXcharclass243
\SyriacSupplementClass=\XeTeXcharclass244
\GeorgianExtendedClass=\XeTeXcharclass245
\SmallKanaExtensionClass=\XeTeXcharclass246
\SymbolsAndPictographsExtendedAClass=\XeTeXcharclass247
\CJKUnifiedIdeographsExtensionGClass=\XeTeXcharclass248
\ArabicExtendedBClass=\XeTeXcharclass249
\EthiopicExtendedBClass=\XeTeXcharclass250
\KanaExtendedBClass=\XeTeXcharclass251
\LatinExtendedFClass=\XeTeXcharclass252
\LatinExtendedGClass=\XeTeXcharclass253
\UnifiedCanadianAboriginalSyllabicsExtendedAClass=\XeTeXcharclass254
\ArabicExtendedCClass=\XeTeXcharclass255
\CJKUnifiedIdeographsExtensionHClass=\XeTeXcharclass256
\CyrillicExtendedDClass=\XeTeXcharclass257
\DevanagariExtendedAClass=\XeTeXcharclass258
\CarianClass=\XeTeXcharclass259
\GothicClass=\XeTeXcharclass260
\KharoshthiClass=\XeTeXcharclass261
\LycianClass=\XeTeXcharclass262
\LydianClass=\XeTeXcharclass263
\OldItalicClass=\XeTeXcharclass264
\PhaistosDiscClass=\XeTeXcharclass265
\SupplementaryPrivateUseAreaAClass=\XeTeXcharclass266
\SupplementaryPrivateUseAreaBClass=\XeTeXcharclass267
\OldSouthArabianClass=\XeTeXcharclass268
\OldTurkicClass=\XeTeXcharclass269
\DuployanClass=\XeTeXcharclass270
\ManichaeanClass=\XeTeXcharclass271
\NabataeanClass=\XeTeXcharclass272
\OldNorthArabianClass=\XeTeXcharclass273
\OldPermicClass=\XeTeXcharclass274
\PalmyreneClass=\XeTeXcharclass275
\PsalterPahlaviClass=\XeTeXcharclass276
\ShorthandFormatControlsClass=\XeTeXcharclass277
\AhomClass=\XeTeXcharclass278
\AnatolianHieroglyphsClass=\XeTeXcharclass279
\EarlyDynasticCuneiformClass=\XeTeXcharclass280
\HatranClass=\XeTeXcharclass281
\MultaniClass=\XeTeXcharclass282
\OldHungarianClass=\XeTeXcharclass283
\SuttonSignWritingClass=\XeTeXcharclass284
\AdlamClass=\XeTeXcharclass285
\BhaiksukiClass=\XeTeXcharclass286
\MarchenClass=\XeTeXcharclass287
\NewaClass=\XeTeXcharclass288
\OsageClass=\XeTeXcharclass289
\TangutClass=\XeTeXcharclass290
\TangutComponentsClass=\XeTeXcharclass291
\MasaramGondiClass=\XeTeXcharclass292
\NushuClass=\XeTeXcharclass293
\SoyomboClass=\XeTeXcharclass294
\ZanabazarSquareClass=\XeTeXcharclass295
\ChessSymbolsClass=\XeTeXcharclass296
\DograClass=\XeTeXcharclass297
\GunjalaGondiClass=\XeTeXcharclass298
\HanifiRohingyaClass=\XeTeXcharclass299
\IndicSiyaqNumbersClass=\XeTeXcharclass300
\MakasarClass=\XeTeXcharclass301
\MayanNumeralsClass=\XeTeXcharclass302
\MedefaidrinClass=\XeTeXcharclass303
\OldSogdianClass=\XeTeXcharclass304
\SogdianClass=\XeTeXcharclass305
\EgyptianHieroglyphFormatControlsClass=\XeTeXcharclass306
\ElymaicClass=\XeTeXcharclass307
\NandinagariClass=\XeTeXcharclass308
\NyiakengPuachueHmongClass=\XeTeXcharclass309
\OttomanSiyaqNumbersClass=\XeTeXcharclass310
\TamilSupplementClass=\XeTeXcharclass311
\WanchoClass=\XeTeXcharclass312
\ChorasmianClass=\XeTeXcharclass313
\DivesAkuruClass=\XeTeXcharclass314
\KhitanSmallScriptClass=\XeTeXcharclass315
\LisuSupplementClass=\XeTeXcharclass316
\SymbolsForLegacyComputingClass=\XeTeXcharclass317
\TangutSupplementClass=\XeTeXcharclass318
\YezidiClass=\XeTeXcharclass319
\CyproMinoanClass=\XeTeXcharclass320
\OldUighurClass=\XeTeXcharclass321
\TangsaClass=\XeTeXcharclass322
\TotoClass=\XeTeXcharclass323
\VithkuqiClass=\XeTeXcharclass324
\ZnamennyMusicalNotationClass=\XeTeXcharclass325
\KaktovikNumeralsClass=\XeTeXcharclass326
\KawiClass=\XeTeXcharclass327
\NagMundariClass=\XeTeXcharclass328
)
(/usr/share/texmf-dist/tex/latex/fontspec/fontspec.sty
(/usr/share/texmf-dist/tex/latex/l3packages/xparse/xparse.sty
(/usr/share/texmf-dist/tex/latex/l3kernel/expl3.sty
Package: expl3 2026-01-19 L3 programming layer (loader) 

(/usr/share/texmf-dist/tex/latex/l3backend/l3backend-xetex.def
File: l3backend-xetex.def 2025-10-09 L3 backend support: XeTeX
\g__graphics_track_int=\count318
\g__pdfannot_backend_int=\count319
\g__pdfannot_backend_link_int=\count320
))
Package: xparse 2025-10-09 L3 Experimental document command parser
)
Package: fontspec 2025/09/29 v2.9g Font selection for XeLaTeX and LuaLaTeX

(/usr/share/texmf-dist/tex/latex/fontspec/fontspec-xetex.sty
Package: fontspec-xetex 2025/09/29 v2.9g Font selection for XeLaTeX and LuaLaTe
X
\l__fontspec_script_int=\count321
\l__fontspec_language_int=\count322
\l__fontspec_strnum_int=\count323
\l__fontspec_tmp_int=\count324
\l__fontspec_tmpa_int=\count325
\l__fontspec_tmpb_int=\count326
\l__fontspec_tmpc_int=\count327
\l__fontspec_em_int=\count328
\l__fontspec_emdef_int=\count329
\l__fontspec_strong_int=\count330
\l__fontspec_strongdef_int=\count331
\l__fontspec_tmpa_dim=\dimen175
\l__fontspec_tmpb_dim=\dimen176
\l__fontspec_tmpc_dim=\dimen177

(/usr/share/texmf-dist/tex/latex/base/fontenc.sty
Package: fontenc 2025/07/18 v2.1d Standard LaTeX package
)
(/usr/share/texmf-dist/tex/latex/fontspec/fontspec.cfg)))

Package fontspec Info: 
(fontspec)             Font family 'FreeSerif(0)' created for font 'FreeSerif'
(fontspec)             with options [Ligatures=TeX].
(fontspec)              
(fontspec)              This font family consists of the following NFSS
(fontspec)             series/shapes:
(fontspec)              
(fontspec)             - 'normal' (m/n) with NFSS spec.:
(fontspec)             <->"FreeSerif/OT:script=latn;language=dflt;mapping=tex-t
ext;"
(fontspec)             - 'small caps'  (m/sc) with NFSS spec.:
(fontspec)             <->"FreeSerif/OT:script=latn;language=dflt;+smcp;mapping
=tex-text;"
(fontspec)             - 'bold' (b/n) with NFSS spec.:
(fontspec)             <->"FreeSerif/B/OT:script=latn;language=dflt;mapping=tex
-text;"
(fontspec)             - 'bold small caps'  (b/sc) with NFSS spec.:
(fontspec)             <->"FreeSerif/B/OT:script=latn;language=dflt;+smcp;mappi
ng=tex-text;"
(fontspec)             - 'italic' (m/it) with NFSS spec.:
(fontspec)             <->"FreeSerif/I/OT:script=latn;language=dflt;mapping=tex
-text;"
(fontspec)             - 'bold italic' (b/it) with NFSS spec.:
(fontspec)             <->"FreeSerif/BI/OT:script=latn;language=dflt;mapping=te
x-text;"


(/usr/share/texmf-dist/tex/latex/csquotes/csquotes.sty
Package: csquotes 2024-04-04 v5.2o context-sensitive quotations (JAW)
\csq@reset=\count332
\csq@gtype=\count333
\csq@glevel=\count334
\csq@qlevel=\count335
\csq@maxlvl=\count336
\csq@tshold=\count337
\csq@ltx@everypar=\toks24

(/usr/share/texmf-dist/tex/latex/csquotes/csquotes.def
File: csquotes.def 2024-04-04 v5.2o csquotes generic definitions (JAW)
)
Package csquotes Info: Trying to load configuration file 'csquotes.cfg'...
Package csquotes Info: ... configuration file loaded successfully.

(/usr/share/texmf-dist/tex/latex/csquotes/csquotes.cfg
File: csquotes.cfg 
)))
! Emergency stop.
<*> 12pt.tex
            
*** (job aborted, no legal \end found)

 
Here is how much of TeX's memory you used:
 16101 strings out of 470175
 310674 string characters out of 5479201
 814117 words of memory out of 5000000
 44567 multiletter control sequences out of 15000+600000
 628185 words of font info for 54 fonts, out of 8000000 for 9000
 16 hyphenation exceptions out of 8191
 73i,0n,93p,267b,244s stack positions out of 10000i,1000n,20000p,200000b,200000s
No pages of output.
